<?xml version="1.0" encoding="UTF-8"?>
<!-- Generated by org.testng.reporters.JUnitReportReporter -->
<testsuite skipped="0" hostname="Pro-Amali" name="week4.day2ClassExe.TestngSample" tests="1" failures="0" timestamp="2021-07-09T22:55:08 IST" time="6.326" errors="0">
  <testcase name="loginPage" time="6.326" classname="week4.day2ClassExe.TestngSample"/>
  <system-out/>
</testsuite> <!-- week4.day2ClassExe.TestngSample -->
