<?xml version="1.0" encoding="UTF-8"?>
<!-- Generated by org.testng.reporters.JUnitReportReporter -->
<testsuite skipped="0" hostname="Pro-Amali" name="testcase.EditLead" tests="3" failures="0" timestamp="2021-07-12T20:58:09 IST" time="56.659" errors="0">
  <testcase name="runEditLead" time="22.637" classname="testcase.EditLead"/>
  <system-out/>
  <testcase name="runEditLead" time="17.305" classname="testcase.EditLead"/>
  <system-out/>
  <testcase name="runEditLead" time="16.717" classname="testcase.EditLead"/>
  <system-out/>
</testsuite> <!-- testcase.EditLead -->
