<?xml version="1.0" encoding="UTF-8"?>
<!-- Generated by org.testng.reporters.JUnitReportReporter -->
<testsuite skipped="0" hostname="Pro-Amali" name="testcase.DuplicateLead" tests="3" failures="0" timestamp="2021-07-13T18:19:54 IST" time="62.482" errors="0">
  <testcase name="runDuplicateLead" time="17.450" classname="testcase.DuplicateLead"/>
  <system-out/>
  <testcase name="runDuplicateLead" time="21.220" classname="testcase.DuplicateLead"/>
  <system-out/>
  <testcase name="runDuplicateLead" time="23.812" classname="testcase.DuplicateLead"/>
  <system-out/>
</testsuite> <!-- testcase.DuplicateLead -->
