<?xml version="1.0" encoding="UTF-8"?>
<!-- Generated by org.testng.reporters.JUnitReportReporter -->
<testsuite skipped="0" hostname="Pro-Amali" name="testcase.MergeLead" tests="3" failures="0" timestamp="2021-07-13T18:40:35 IST" time="50.004" errors="0">
  <testcase name="runMergeLead" time="15.190" classname="testcase.MergeLead"/>
  <system-out/>
  <testcase name="runMergeLead" time="19.174" classname="testcase.MergeLead"/>
  <system-out/>
  <testcase name="runMergeLead" time="15.640" classname="testcase.MergeLead"/>
  <system-out/>
</testsuite> <!-- testcase.MergeLead -->
