<?xml version="1.0" encoding="UTF-8"?>
<!-- Generated by org.testng.reporters.JUnitReportReporter -->
<testsuite skipped="0" hostname="Pro-Amali" name="testcase.DeleteLead" tests="3" failures="0" timestamp="2021-07-13T16:41:52 IST" time="48.375" errors="0">
  <testcase name="runDeleteLead" time="15.243" classname="testcase.DeleteLead"/>
  <system-out/>
  <testcase name="runDeleteLead" time="20.207" classname="testcase.DeleteLead"/>
  <system-out/>
  <testcase name="runDeleteLead" time="12.925" classname="testcase.DeleteLead"/>
  <system-out/>
</testsuite> <!-- testcase.DeleteLead -->
