<?xml version="1.0" encoding="UTF-8"?>
<!-- Generated by org.testng.reporters.JUnitReportReporter -->
<testsuite skipped="0" hostname="Pro-Amali" name="testcase.CreateLead" tests="3" failures="0" timestamp="2021-07-12T20:47:18 IST" time="49.753" errors="0">
  <testcase name="runCreateLead" time="20.011" classname="testcase.CreateLead"/>
  <system-out/>
  <testcase name="runCreateLead" time="19.350" classname="testcase.CreateLead"/>
  <system-out/>
  <testcase name="runCreateLead" time="10.392" classname="testcase.CreateLead"/>
  <system-out/>
</testsuite> <!-- testcase.CreateLead -->
